2021-04-29 22:49:26,828 INFO OtusTest [main] Р”СЂР°Р№РІРµСЂ РїРѕРґРЅСЏС‚
2021-04-29 22:49:31,284 INFO OtusTest [main] РЎР°Р№С‚ РѕС‚РєСЂС‹С‚
2021-04-29 22:49:31,292 INFO OtusTest [main] РћРЅР»Р°Р№РЅвЂ‘РєСѓСЂСЃС‹ РґР»СЏ РїСЂРѕС„РµСЃСЃРёРѕРЅР°Р»РѕРІ, РґРёСЃС‚Р°РЅС†РёРѕРЅРЅРѕРµ РѕР±СѓС‡РµРЅРёРµ СЃРѕРІСЂРµРјРµРЅРЅС‹Рј РїСЂРѕС„РµСЃСЃРёСЏРј
2021-04-29 22:49:31,967 INFO OtusTest [main] Р”СЂР°Р№РІРµСЂ РїРѕРіР°С€РµРЅ
2021-05-03 20:06:30,549 INFO OtusTest [main] Р”СЂР°Р№РІРµСЂ РїРѕРґРЅСЏС‚
2021-05-03 20:06:49,193 INFO OtusTest [main] РЎР°Р№С‚ РѕС‚РєСЂС‹С‚
2021-05-03 20:06:49,201 INFO OtusTest [main] РћРЅР»Р°Р№РЅвЂ‘РєСѓСЂСЃС‹ РґР»СЏ РїСЂРѕС„РµСЃСЃРёРѕРЅР°Р»РѕРІ, РґРёСЃС‚Р°РЅС†РёРѕРЅРЅРѕРµ РѕР±СѓС‡РµРЅРёРµ СЃРѕРІСЂРµРјРµРЅРЅС‹Рј РїСЂРѕС„РµСЃСЃРёСЏРј
2021-05-03 20:06:49,898 INFO OtusTest [main] Р”СЂР°Р№РІРµСЂ РїРѕРіР°С€РµРЅ
2021-05-03 20:17:38,765 INFO OtusTest [main] Р”СЂР°Р№РІРµСЂ РїРѕРґРЅСЏС‚
2021-05-03 20:17:42,682 INFO OtusTest [main] РЎР°Р№С‚ РѕС‚РєСЂС‹С‚
2021-05-03 20:17:42,690 INFO OtusTest [main] РћРЅР»Р°Р№РЅвЂ‘РєСѓСЂСЃС‹ РґР»СЏ РїСЂРѕС„РµСЃСЃРёРѕРЅР°Р»РѕРІ, РґРёСЃС‚Р°РЅС†РёРѕРЅРЅРѕРµ РѕР±СѓС‡РµРЅРёРµ СЃРѕРІСЂРµРјРµРЅРЅС‹Рј РїСЂРѕС„РµСЃСЃРёСЏРј
2021-05-03 20:17:43,365 INFO OtusTest [main] Р”СЂР°Р№РІРµСЂ РїРѕРіР°С€РµРЅ
2021-05-03 20:24:53,787 INFO OtusTest [main] Р”СЂР°Р№РІРµСЂ РїРѕРґРЅСЏС‚
2021-05-03 20:25:00,606 INFO OtusTest [main] РЎР°Р№С‚ РѕС‚РєСЂС‹С‚
2021-05-03 20:25:00,614 INFO OtusTest [main] РћРЅР»Р°Р№РЅвЂ‘РєСѓСЂСЃС‹ РґР»СЏ РїСЂРѕС„РµСЃСЃРёРѕРЅР°Р»РѕРІ, РґРёСЃС‚Р°РЅС†РёРѕРЅРЅРѕРµ РѕР±СѓС‡РµРЅРёРµ СЃРѕРІСЂРµРјРµРЅРЅС‹Рј РїСЂРѕС„РµСЃСЃРёСЏРј
2021-05-03 20:25:01,313 INFO OtusTest [main] Р”СЂР°Р№РІРµСЂ РїРѕРіР°С€РµРЅ
2021-05-03 20:36:25,225 INFO OtusTest [main] Р”СЂР°Р№РІРµСЂ РїРѕРґРЅСЏС‚
2021-05-03 20:36:29,877 INFO OtusTest [main] РЎР°Р№С‚ РѕС‚РєСЂС‹С‚
2021-05-03 20:36:29,885 INFO OtusTest [main] Онлайн?курсы для профессионалов, дистанционное обучение современным профессиям
2021-05-03 20:36:30,580 INFO OtusTest [main] Р”СЂР°Р№РІРµСЂ РїРѕРіР°С€РµРЅ
2021-05-03 20:37:06,571 INFO OtusTest [main] Р”СЂР°Р№РІРµСЂ РїРѕРґРЅСЏС‚
2021-05-03 20:37:09,915 INFO OtusTest [main] РЎР°Р№С‚ РѕС‚РєСЂС‹С‚
2021-05-03 20:37:09,922 INFO OtusTest [main] Онлайн?курсы для профессионалов, дистанционное обучение современным профессиям
2021-05-03 20:37:10,578 INFO OtusTest [main] Р”СЂР°Р№РІРµСЂ РїРѕРіР°С€РµРЅ
2021-05-03 20:37:50,375 INFO OtusTest [main] Драйвер поднят
2021-05-03 20:37:53,727 INFO OtusTest [main] Сайт открыт
2021-05-03 20:37:53,735 INFO OtusTest [main] Онлайн?курсы для профессионалов, дистанционное обучение современным профессиям
2021-05-03 20:37:54,406 INFO OtusTest [main] Драйвер погашен
2021-05-03 20:38:29,573 INFO OtusTest [main] Драйвер поднят
2021-05-03 20:38:34,634 INFO OtusTest [main] Сайт открыт
2021-05-03 20:38:34,674 INFO OtusTest [main] Онлайн?курсы для профессионалов, дистанционное обучение современным профессиям
2021-05-03 20:38:35,705 INFO OtusTest [main] Драйвер погашен
2021-05-03 20:40:41,940 INFO OtusTest [main] Драйвер поднят
2021-05-03 20:40:45,955 INFO OtusTest [main] Сайт открыт
2021-05-03 20:40:45,963 INFO OtusTest [main] Онлайн?курсы для профессионалов, дистанционное обучение современным профессиям
2021-05-03 20:40:46,646 INFO OtusTest [main] Драйвер погашен
2021-05-03 20:45:03,872 INFO OtusTest [main] Драйвер поднят
2021-05-03 20:45:08,002 INFO OtusTest [main] Сайт открыт
2021-05-03 20:45:08,010 INFO OtusTest [main] Онлайн?курсы для профессионалов, дистанционное обучение современным профессиям
2021-05-03 20:45:08,690 INFO OtusTest [main] Драйвер погашен
